0 info it worked if it ends with ok
1 verbose cli [ '/usr/bin/nodejs', '/usr/bin/npm', 'start' ]
2 info using npm@3.10.8
3 info using node@v6.9.1
4 verbose config Skipping project config: /home/fbtesttasks/.npmrc. (matches userconfig)
5 verbose run-script [ 'prestart', 'start', 'poststart' ]
6 info lifecycle facebook-fanpage@~prestart: facebook-fanpage@
7 silly lifecycle facebook-fanpage@~prestart: no script for prestart, continuing
8 info lifecycle facebook-fanpage@~start: facebook-fanpage@
9 verbose lifecycle facebook-fanpage@~start: unsafe-perm in lifecycle true
10 verbose lifecycle facebook-fanpage@~start: PATH: /usr/lib/node_modules/npm/bin/node-gyp-bin:/home/fbtesttasks/node_modules/.bin:/usr/local/sbin:/usr/local/bin:/usr/sbin:/usr/bin:/sbin:/bin:/usr/games:/usr/local/games:/usr/local/sonar_runner/bin::/usr/lib/jvm/java-8-oracle/bin:/usr/lib/jvm/java-8-oracle/db/bin:/usr/lib/jvm/java-8-oracle/jre/bin
11 verbose lifecycle facebook-fanpage@~start: CWD: /home/fbtesttasks
12 silly lifecycle facebook-fanpage@~start: Args: [ '-c', 'nodemon server.js' ]
13 silly lifecycle facebook-fanpage@~start: Returned: code: 1  signal: null
14 info lifecycle facebook-fanpage@~start: Failed to exec start script
15 verbose stack Error: facebook-fanpage@ start: `nodemon server.js`
15 verbose stack Exit status 1
15 verbose stack     at EventEmitter.<anonymous> (/usr/lib/node_modules/npm/lib/utils/lifecycle.js:255:16)
15 verbose stack     at emitTwo (events.js:106:13)
15 verbose stack     at EventEmitter.emit (events.js:191:7)
15 verbose stack     at ChildProcess.<anonymous> (/usr/lib/node_modules/npm/lib/utils/spawn.js:40:14)
15 verbose stack     at emitTwo (events.js:106:13)
15 verbose stack     at ChildProcess.emit (events.js:191:7)
15 verbose stack     at maybeClose (internal/child_process.js:877:16)
15 verbose stack     at Process.ChildProcess._handle.onexit (internal/child_process.js:226:5)
16 verbose pkgid facebook-fanpage@
17 verbose cwd /home/fbtesttasks
18 error Linux 3.13.0-100-generic
19 error argv "/usr/bin/nodejs" "/usr/bin/npm" "start"
20 error node v6.9.1
21 error npm  v3.10.8
22 error code ELIFECYCLE
23 error facebook-fanpage@ start: `nodemon server.js`
23 error Exit status 1
24 error Failed at the facebook-fanpage@ start script 'nodemon server.js'.
24 error Make sure you have the latest version of node.js and npm installed.
24 error If you do, this is most likely a problem with the facebook-fanpage package,
24 error not with npm itself.
24 error Tell the author that this fails on your system:
24 error     nodemon server.js
24 error You can get information on how to open an issue for this project with:
24 error     npm bugs facebook-fanpage
24 error Or if that isn't available, you can get their info via:
24 error     npm owner ls facebook-fanpage
24 error There is likely additional logging output above.
25 verbose exit [ 1, true ]
